0 info it worked if it ends with ok
1 verbose cli [ 'C:\\Program Files\\nodejs\\node.exe',
1 verbose cli   'C:\\Program Files\\nodejs\\node_modules\\npm\\bin\\npm-cli.js',
1 verbose cli   'start' ]
2 info using npm@3.6.0
3 info using node@v5.6.0
4 verbose run-script [ 'prestart', 'start', 'poststart' ]
5 info lifecycle refscanner@0.0.1~prestart: refscanner@0.0.1
6 silly lifecycle refscanner@0.0.1~prestart: no script for prestart, continuing
7 info lifecycle refscanner@0.0.1~start: refscanner@0.0.1
8 verbose lifecycle refscanner@0.0.1~start: unsafe-perm in lifecycle true
9 verbose lifecycle refscanner@0.0.1~start: PATH: C:\Program Files\nodejs\node_modules\npm\bin\node-gyp-bin;C:\Users\Michael\Code\refscanner\node_modules\.bin;C:\Program Files (x86)\NVIDIA Corporation\PhysX\Common;C:\Program Files\Common Files\Microsoft Shared\Windows Live;C:\Program Files (x86)\Common Files\Microsoft Shared\Windows Live;c:\Program Files (x86)\Intel\iCLS Client\;c:\Program Files\Intel\iCLS Client\;C:\WINDOWS\system32;C:\WINDOWS;C:\WINDOWS\System32\Wbem;C:\WINDOWS\System32\WindowsPowerShell\v1.0\;c:\Program Files (x86)\ATI Technologies\ATI.ACE\Core-Static;C:\Program Files\Intel\WiFi\bin\;C:\Program Files\Common Files\Intel\WirelessCommon\;C:\Program Files (x86)\Windows Live\Shared;C:\Program Files (x86)\QuickTime\QTSystem\;C:\Program Files (x86)\AMD\ATI.ACE\Core-Static;C:\Program Files (x86)\Common Files\Adobe\AGL;C:\Program Files (x86)\GtkSharp\2.12\bin;C:\Program Files\nodejs\;C:\Program Files\Git\cmd;C:\Program Files (x86)\Skype\Phone\;C:\Program Files (x86)\Heroku\bin;C:\Program Files (x86)\git\cmd;C:\Program Files (x86)\Git\cmd;C:\Program Files\PostgreSQL\9.5\bin;C:\Users\Michael\AppData\Roaming\local\bin;C:\Users\Michael\AppData\Local\Programs\Python\Python35-32\Scripts\;C:\Users\Michael\AppData\Local\Programs\Python\Python35-32\;C:\Users\Michael\AppData\Roaming\npm;C:\Ruby22-x64\bin;C:\Program Files\MongoDB\Server\3.2\bin;C:\Users\Michael\AppData\Local\Microsoft\WindowsApps;C:\Program Files\PostgreSQL\9.2\bin
10 verbose lifecycle refscanner@0.0.1~start: CWD: C:\Users\Michael\Code\refscanner
11 silly lifecycle refscanner@0.0.1~start: Args: [ '/d /s /c', 'tsc -w' ]
12 silly lifecycle refscanner@0.0.1~start: Returned: code: 1  signal: null
13 info lifecycle refscanner@0.0.1~start: Failed to exec start script
14 verbose stack Error: refscanner@0.0.1 start: `tsc -w`
14 verbose stack Exit status 1
14 verbose stack     at EventEmitter.<anonymous> (C:\Program Files\nodejs\node_modules\npm\lib\utils\lifecycle.js:232:16)
14 verbose stack     at emitTwo (events.js:100:13)
14 verbose stack     at EventEmitter.emit (events.js:185:7)
14 verbose stack     at ChildProcess.<anonymous> (C:\Program Files\nodejs\node_modules\npm\lib\utils\spawn.js:24:14)
14 verbose stack     at emitTwo (events.js:100:13)
14 verbose stack     at ChildProcess.emit (events.js:185:7)
14 verbose stack     at maybeClose (internal/child_process.js:827:16)
14 verbose stack     at Process.ChildProcess._handle.onexit (internal/child_process.js:211:5)
15 verbose pkgid refscanner@0.0.1
16 verbose cwd C:\Users\Michael\Code\refscanner
17 error Windows_NT 10.0.14393
18 error argv "C:\\Program Files\\nodejs\\node.exe" "C:\\Program Files\\nodejs\\node_modules\\npm\\bin\\npm-cli.js" "start"
19 error node v5.6.0
20 error npm  v3.6.0
21 error code ELIFECYCLE
22 error refscanner@0.0.1 start: `tsc -w`
22 error Exit status 1
23 error Failed at the refscanner@0.0.1 start script 'tsc -w'.
23 error Make sure you have the latest version of node.js and npm installed.
23 error If you do, this is most likely a problem with the refscanner package,
23 error not with npm itself.
23 error Tell the author that this fails on your system:
23 error     tsc -w
23 error You can get information on how to open an issue for this project with:
23 error     npm bugs refscanner
23 error Or if that isn't available, you can get their info via:
23 error     npm owner ls refscanner
23 error There is likely additional logging output above.
24 verbose exit [ 1, true ]
